<?xml version="1.0" encoding="UTF-8"?>
<!-- Generated by org.testng.reporters.JUnitReportReporter -->
<testsuite skipped="0" hostname="ARDDCWA25002779" name="com.usda.gov.USDA_RD.TSCTI_Home" tests="1" failures="0" timestamp="2022-04-28T16:53:21 EDT" time="0.003" errors="0">
  <testcase name="test01" time="0.003" classname="com.usda.gov.USDA_RD.TSCTI_Home"/>
  <system-out>
    <![CDATA[The test steps will be executed here.]]>
  </system-out>
</testsuite> <!-- com.usda.gov.USDA_RD.TSCTI_Home -->
